2022-06-14 21:29:23,551 - INFO - post_level_multiple_experiments - Running experiment (all models) on echo_2 dataset...
2022-06-14 21:29:23,619 - INFO - post_level_multiple_experiments - Running experiment using the model: lr
2022-06-14 21:29:23,678 - INFO - detection.detection_utils.preprocessing - Preprocessing text in mode: split
2022-06-14 21:29:35,063 - INFO - matplotlib.font_manager - Generating new fontManager, this may take some time...
2022-06-14 21:29:40,272 - WARNING - matplotlib.font_manager - Matplotlib is building the font cache; this may take a moment.
2022-06-14 21:29:42,698 - INFO - matplotlib.font_manager - Failed to extract font properties from /usr/share/fonts/google-noto-emoji/NotoColorEmoji.ttf: In FT2Font: Could not set the fontsize (error code 0x17)
2022-06-14 21:47:25,426 - INFO - post_level_multiple_experiments - Running experiment (all models) on echo_2 dataset...
2022-06-14 21:47:25,480 - INFO - post_level_multiple_experiments - Running experiment using the model: lr
2022-06-14 21:47:25,505 - INFO - detection.detection_utils.preprocessing - Preprocessing text in mode: split
2022-06-14 21:52:12,885 - INFO - post_level_multiple_experiments - Running experiment (all models) on echo_2 dataset...
2022-06-14 21:52:12,936 - INFO - post_level_multiple_experiments - Running experiment using the model: lr
2022-06-14 21:52:12,961 - INFO - detection.detection_utils.preprocessing - Preprocessing text in mode: split
2022-06-14 22:11:51,947 - INFO - post_level_multiple_experiments - Running experiment (all models) on echo_2 dataset...
2022-06-14 22:11:52,000 - INFO - post_level_multiple_experiments - Running experiment using the model: lr
2022-06-14 22:11:52,025 - INFO - detection.detection_utils.preprocessing - Preprocessing text in mode: split
2022-06-14 22:14:53,782 - INFO - post_level_multiple_experiments - Running experiment (all models) on echo_2 dataset...
2022-06-14 22:14:53,836 - INFO - post_level_multiple_experiments - Running experiment using the model: lr
2022-06-14 22:14:53,861 - INFO - detection.detection_utils.preprocessing - Preprocessing text in mode: split
2022-06-14 22:18:15,315 - INFO - post_level_multiple_experiments - Running experiment (all models) on echo_2 dataset...
2022-06-14 22:18:15,371 - INFO - post_level_multiple_experiments - Running experiment using the model: lr
2022-06-14 22:18:15,395 - INFO - detection.detection_utils.preprocessing - Preprocessing text in mode: split
2022-06-14 22:23:18,419 - INFO - post_level_multiple_experiments - Running experiment (all models) on echo_2 dataset...
2022-06-14 22:23:18,474 - INFO - post_level_multiple_experiments - Running experiment using the model: lr
2022-06-14 22:23:18,515 - INFO - detection.detection_utils.preprocessing - Preprocessing text in mode: split
2022-06-14 22:26:17,609 - INFO - post_level_multiple_experiments - Running experiment (all models) on echo_2 dataset...
2022-06-14 22:26:17,653 - INFO - post_level_multiple_experiments - Running experiment using the model: lr
2022-06-14 22:26:17,669 - INFO - detection.detection_utils.preprocessing - Preprocessing text in mode: split
2022-06-14 22:28:36,583 - INFO - post_level_multiple_experiments - Running experiment using the model: lightgbm
2022-06-14 22:28:36,594 - INFO - detection.detection_utils.preprocessing - Preprocessing text in mode: split
2022-06-14 22:28:38,018 - INFO - post_level_multiple_experiments - Running experiment using the model: catboost
2022-06-14 22:28:38,020 - INFO - detection.detection_utils.preprocessing - Preprocessing text in mode: split
2022-06-14 22:41:33,407 - INFO - post_level_multiple_experiments - Running experiment using the model: xgboost
2022-06-14 22:41:33,417 - INFO - detection.detection_utils.preprocessing - Preprocessing text in mode: split
2022-06-14 22:43:49,971 - INFO - post_level_multiple_experiments - Running experiment using the model: feed_forward_nn
2022-06-14 22:43:49,983 - INFO - detection.detection_utils.preprocessing - Preprocessing text in mode: split
2022-06-14 22:43:50,208 - INFO - detection.models.base_model - fitting model FeedForwardNN
2022-06-14 23:06:55,918 - INFO - post_level_multiple_experiments - Running experiment (all models) on echo_2 dataset...
2022-06-14 23:06:55,949 - INFO - post_level_multiple_experiments - Running experiment using the model: lr
2022-06-14 23:06:55,959 - INFO - detection.detection_utils.preprocessing - Preprocessing text in mode: split
2022-06-14 23:08:58,909 - INFO - post_level_multiple_experiments - Running experiment using the model: lightgbm
2022-06-14 23:08:58,921 - INFO - detection.detection_utils.preprocessing - Preprocessing text in mode: split
2022-06-14 23:09:00,345 - INFO - post_level_multiple_experiments - Running experiment using the model: catboost
2022-06-14 23:09:00,347 - INFO - detection.detection_utils.preprocessing - Preprocessing text in mode: split
2022-06-14 23:21:51,630 - INFO - post_level_multiple_experiments - Running experiment using the model: xgboost
2022-06-14 23:21:51,640 - INFO - detection.detection_utils.preprocessing - Preprocessing text in mode: split
2022-06-14 23:24:06,566 - INFO - post_level_multiple_experiments - Running experiment using the model: feed_forward_nn
2022-06-14 23:24:06,577 - INFO - detection.detection_utils.preprocessing - Preprocessing text in mode: split
2022-06-14 23:24:06,795 - INFO - detection.models.base_model - fitting model FeedForwardNN
2022-06-14 23:25:30,118 - INFO - detection.models.base_model - predicting using model FeedForwardNN
2022-06-14 23:25:30,308 - INFO - detection.models.base_model - predicting proba using model FeedForwardNN
2022-06-14 23:25:30,469 - INFO - post_level_multiple_experiments - Running experiment using the model: cnn_lstm
2022-06-14 23:25:30,476 - INFO - detection.detection_utils.preprocessing - Preprocessing text in mode: split
2022-06-14 23:25:30,832 - INFO - detection.models.base_model - fitting model AttentionLSTM
2022-06-14 23:27:54,712 - INFO - detection.models.base_model - predicting using model AttentionLSTM
2022-06-14 23:27:55,644 - INFO - detection.models.base_model - predicting proba using model AttentionLSTM
2022-06-14 23:27:56,368 - INFO - post_level_multiple_experiments - Running experiment using the model: attenion_lstm
2022-06-14 23:27:56,375 - INFO - detection.detection_utils.preprocessing - Preprocessing text in mode: split
2022-06-14 23:27:57,328 - INFO - detection.models.base_model - fitting model AttentionLSTM
2022-06-14 23:34:24,123 - INFO - detection.models.base_model - predicting using model AttentionLSTM
2022-06-14 23:34:27,606 - INFO - detection.models.base_model - predicting proba using model AttentionLSTM
2022-06-14 23:34:30,248 - INFO - utils.my_timeit - finished __main__.run_multiple_plm_experiments total 1654.33 sec elapsed
2022-06-15 22:11:26,917 - INFO - post_level_multiple_experiments - Running experiment (all models) on gab dataset...
2022-06-15 22:11:26,956 - INFO - post_level_multiple_experiments - Running experiment using the model: lr
2022-06-15 22:11:26,978 - INFO - detection.detection_utils.preprocessing - Preprocessing text in mode: split
2022-06-15 22:13:11,468 - INFO - post_level_multiple_experiments - Running experiment using the model: lightgbm
2022-06-15 22:13:11,479 - INFO - detection.detection_utils.preprocessing - Preprocessing text in mode: split
2022-06-15 22:13:13,605 - INFO - post_level_multiple_experiments - Running experiment using the model: catboost
2022-06-15 22:13:13,608 - INFO - detection.detection_utils.preprocessing - Preprocessing text in mode: split
2022-06-15 22:28:07,828 - INFO - post_level_multiple_experiments - Running experiment using the model: xgboost
2022-06-15 22:28:07,838 - INFO - detection.detection_utils.preprocessing - Preprocessing text in mode: split
2022-06-15 22:30:52,925 - INFO - post_level_multiple_experiments - Running experiment using the model: feed_forward_nn
2022-06-15 22:30:52,937 - INFO - detection.detection_utils.preprocessing - Preprocessing text in mode: split
2022-06-15 22:30:53,204 - INFO - detection.models.base_model - fitting model FeedForwardNN
2022-06-15 22:32:16,515 - INFO - detection.models.base_model - predicting using model FeedForwardNN
2022-06-15 22:32:16,705 - INFO - detection.models.base_model - predicting proba using model FeedForwardNN
2022-06-15 22:32:16,862 - INFO - post_level_multiple_experiments - Running experiment using the model: cnn_lstm
2022-06-15 22:32:16,869 - INFO - detection.detection_utils.preprocessing - Preprocessing text in mode: split
2022-06-15 22:32:17,275 - INFO - detection.models.base_model - fitting model AttentionLSTM
2022-06-15 22:34:41,017 - INFO - detection.models.base_model - predicting using model AttentionLSTM
2022-06-15 22:34:41,959 - INFO - detection.models.base_model - predicting proba using model AttentionLSTM
2022-06-15 22:34:42,691 - INFO - post_level_multiple_experiments - Running experiment using the model: attenion_lstm
2022-06-15 22:34:42,699 - INFO - detection.detection_utils.preprocessing - Preprocessing text in mode: split
2022-06-15 22:34:43,948 - INFO - detection.models.base_model - fitting model AttentionLSTM
2022-06-15 22:43:10,400 - INFO - detection.models.base_model - predicting using model AttentionLSTM
2022-06-15 22:43:16,552 - INFO - detection.models.base_model - predicting proba using model AttentionLSTM
2022-06-15 22:43:21,766 - INFO - utils.my_timeit - finished __main__.run_multiple_plm_experiments total 1914.86 sec elapsed
2022-06-16 03:15:05,786 - INFO - post_level_multiple_experiments - Running experiment (all models) on gab_kg dataset...
2022-06-16 03:15:05,887 - INFO - post_level_multiple_experiments - Running experiment using the model: lr
2022-06-16 03:15:05,910 - INFO - detection.detection_utils.preprocessing - Preprocessing text in mode: split
2022-06-16 03:19:12,221 - INFO - post_level_multiple_experiments - Running experiment using the model: lightgbm
2022-06-16 03:19:12,233 - INFO - detection.detection_utils.preprocessing - Preprocessing text in mode: split
2022-06-16 03:19:18,111 - INFO - post_level_multiple_experiments - Running experiment using the model: catboost
2022-06-16 03:19:18,113 - INFO - detection.detection_utils.preprocessing - Preprocessing text in mode: split
2022-06-16 03:35:36,274 - INFO - post_level_multiple_experiments - Running experiment using the model: xgboost
2022-06-16 03:35:36,284 - INFO - detection.detection_utils.preprocessing - Preprocessing text in mode: split
2022-06-16 03:38:51,398 - INFO - post_level_multiple_experiments - Running experiment using the model: feed_forward_nn
2022-06-16 03:38:51,415 - INFO - detection.detection_utils.preprocessing - Preprocessing text in mode: split
2022-06-16 03:38:52,883 - INFO - detection.models.base_model - fitting model FeedForwardNN
2022-06-16 03:40:16,174 - INFO - detection.models.base_model - predicting using model FeedForwardNN
2022-06-16 03:40:16,370 - INFO - detection.models.base_model - predicting proba using model FeedForwardNN
2022-06-16 03:40:16,523 - INFO - post_level_multiple_experiments - Running experiment using the model: cnn_lstm
2022-06-16 03:40:16,532 - INFO - detection.detection_utils.preprocessing - Preprocessing text in mode: split
2022-06-16 03:40:18,108 - INFO - detection.models.base_model - fitting model AttentionLSTM
2022-06-16 03:42:41,866 - INFO - detection.models.base_model - predicting using model AttentionLSTM
2022-06-16 03:42:42,826 - INFO - detection.models.base_model - predicting proba using model AttentionLSTM
2022-06-16 03:42:43,553 - INFO - post_level_multiple_experiments - Running experiment using the model: attenion_lstm
2022-06-16 03:42:43,563 - INFO - detection.detection_utils.preprocessing - Preprocessing text in mode: split
2022-06-16 03:42:45,820 - INFO - detection.models.base_model - fitting model AttentionLSTM
2022-06-16 03:50:12,111 - INFO - detection.models.base_model - predicting using model AttentionLSTM
2022-06-16 03:50:18,303 - INFO - detection.models.base_model - predicting proba using model AttentionLSTM
2022-06-16 03:50:23,528 - INFO - utils.my_timeit - finished __main__.run_multiple_plm_experiments total 2117.75 sec elapsed
2022-06-16 04:02:14,472 - INFO - post_level_multiple_experiments - Running experiment (all models) on gab_kg_no_edit dataset...
2022-06-16 04:02:14,529 - INFO - post_level_multiple_experiments - Running experiment using the model: lr
2022-06-16 04:02:14,550 - INFO - detection.detection_utils.preprocessing - Preprocessing text in mode: split
2022-06-16 04:05:30,050 - INFO - post_level_multiple_experiments - Running experiment using the model: lightgbm
2022-06-16 04:05:30,062 - INFO - detection.detection_utils.preprocessing - Preprocessing text in mode: split
2022-06-16 04:05:33,913 - INFO - post_level_multiple_experiments - Running experiment using the model: catboost
2022-06-16 04:05:33,915 - INFO - detection.detection_utils.preprocessing - Preprocessing text in mode: split
2022-06-16 04:21:45,879 - INFO - post_level_multiple_experiments - Running experiment using the model: xgboost
2022-06-16 04:21:45,889 - INFO - detection.detection_utils.preprocessing - Preprocessing text in mode: split
2022-06-16 04:24:56,498 - INFO - post_level_multiple_experiments - Running experiment using the model: feed_forward_nn
2022-06-16 04:24:56,516 - INFO - detection.detection_utils.preprocessing - Preprocessing text in mode: split
2022-06-16 04:24:57,187 - INFO - detection.models.base_model - fitting model FeedForwardNN
2022-06-16 04:28:20,509 - INFO - detection.models.base_model - predicting using model FeedForwardNN
2022-06-16 04:28:20,711 - INFO - detection.models.base_model - predicting proba using model FeedForwardNN
2022-06-16 04:28:20,864 - INFO - post_level_multiple_experiments - Running experiment using the model: cnn_lstm
2022-06-16 04:28:20,872 - INFO - detection.detection_utils.preprocessing - Preprocessing text in mode: split
2022-06-16 04:28:21,694 - INFO - detection.models.base_model - fitting model AttentionLSTM
2022-06-16 04:31:45,532 - INFO - detection.models.base_model - predicting using model AttentionLSTM
2022-06-16 04:31:46,480 - INFO - detection.models.base_model - predicting proba using model AttentionLSTM
2022-06-16 04:31:47,211 - INFO - post_level_multiple_experiments - Running experiment using the model: attenion_lstm
2022-06-16 04:31:47,222 - INFO - detection.detection_utils.preprocessing - Preprocessing text in mode: split
2022-06-16 04:31:48,919 - INFO - detection.models.base_model - fitting model AttentionLSTM
2022-06-16 04:39:15,220 - INFO - detection.models.base_model - predicting using model AttentionLSTM
2022-06-16 04:39:21,689 - INFO - detection.models.base_model - predicting proba using model AttentionLSTM
2022-06-16 04:39:26,902 - INFO - utils.my_timeit - finished __main__.run_multiple_plm_experiments total 2232.44 sec elapsed
2022-06-16 04:44:25,668 - INFO - post_level_multiple_experiments - Running experiment (all models) on echo_2_kg dataset...
2022-06-16 04:44:25,729 - INFO - post_level_multiple_experiments - Running experiment using the model: lr
2022-06-16 04:44:25,750 - INFO - detection.detection_utils.preprocessing - Preprocessing text in mode: split
2022-06-16 04:47:38,371 - INFO - post_level_multiple_experiments - Running experiment using the model: lightgbm
2022-06-16 04:47:38,383 - INFO - detection.detection_utils.preprocessing - Preprocessing text in mode: split
2022-06-16 04:47:41,214 - INFO - post_level_multiple_experiments - Running experiment using the model: catboost
2022-06-16 04:47:41,217 - INFO - detection.detection_utils.preprocessing - Preprocessing text in mode: split
2022-06-16 05:03:11,722 - INFO - post_level_multiple_experiments - Running experiment using the model: xgboost
2022-06-16 05:03:11,731 - INFO - detection.detection_utils.preprocessing - Preprocessing text in mode: split
2022-06-16 05:05:58,193 - INFO - post_level_multiple_experiments - Running experiment using the model: feed_forward_nn
2022-06-16 05:05:58,207 - INFO - detection.detection_utils.preprocessing - Preprocessing text in mode: split
2022-06-16 05:05:58,794 - INFO - detection.models.base_model - fitting model FeedForwardNN
2022-06-16 05:07:22,222 - INFO - detection.models.base_model - predicting using model FeedForwardNN
2022-06-16 05:07:22,401 - INFO - detection.models.base_model - predicting proba using model FeedForwardNN
2022-06-16 05:07:22,565 - INFO - post_level_multiple_experiments - Running experiment using the model: cnn_lstm
2022-06-16 05:07:22,571 - INFO - detection.detection_utils.preprocessing - Preprocessing text in mode: split
2022-06-16 05:07:23,323 - INFO - detection.models.base_model - fitting model AttentionLSTM
2022-06-16 05:09:47,295 - INFO - detection.models.base_model - predicting using model AttentionLSTM
2022-06-16 05:09:48,236 - INFO - detection.models.base_model - predicting proba using model AttentionLSTM
2022-06-16 05:09:48,976 - INFO - post_level_multiple_experiments - Running experiment using the model: attenion_lstm
2022-06-16 05:09:48,986 - INFO - detection.detection_utils.preprocessing - Preprocessing text in mode: split
2022-06-16 05:09:50,547 - INFO - detection.models.base_model - fitting model AttentionLSTM
2022-06-16 05:17:17,377 - INFO - detection.models.base_model - predicting using model AttentionLSTM
2022-06-16 05:17:23,498 - INFO - detection.models.base_model - predicting proba using model AttentionLSTM
2022-06-16 05:17:26,152 - INFO - utils.my_timeit - finished __main__.run_multiple_plm_experiments total 1980.49 sec elapsed
2022-06-16 05:19:13,500 - INFO - post_level_multiple_experiments - Running experiment (all models) on echo_2_kg_no_edit dataset...
2022-06-16 05:19:13,546 - INFO - post_level_multiple_experiments - Running experiment using the model: lr
2022-06-16 05:19:13,568 - INFO - detection.detection_utils.preprocessing - Preprocessing text in mode: split
2022-06-16 05:22:01,838 - INFO - post_level_multiple_experiments - Running experiment using the model: lightgbm
2022-06-16 05:22:01,850 - INFO - detection.detection_utils.preprocessing - Preprocessing text in mode: split
2022-06-16 05:22:03,694 - INFO - post_level_multiple_experiments - Running experiment using the model: catboost
2022-06-16 05:22:03,696 - INFO - detection.detection_utils.preprocessing - Preprocessing text in mode: split
2022-06-16 05:37:45,300 - INFO - post_level_multiple_experiments - Running experiment using the model: xgboost
2022-06-16 05:37:45,312 - INFO - detection.detection_utils.preprocessing - Preprocessing text in mode: split
2022-06-16 05:40:23,871 - INFO - post_level_multiple_experiments - Running experiment using the model: feed_forward_nn
2022-06-16 05:40:23,889 - INFO - detection.detection_utils.preprocessing - Preprocessing text in mode: split
2022-06-16 05:40:24,202 - INFO - detection.models.base_model - fitting model FeedForwardNN
2022-06-16 05:41:47,544 - INFO - detection.models.base_model - predicting using model FeedForwardNN
2022-06-16 05:41:47,740 - INFO - detection.models.base_model - predicting proba using model FeedForwardNN
2022-06-16 05:41:47,904 - INFO - post_level_multiple_experiments - Running experiment using the model: cnn_lstm
2022-06-16 05:41:47,912 - INFO - detection.detection_utils.preprocessing - Preprocessing text in mode: split
2022-06-16 05:41:48,378 - INFO - detection.models.base_model - fitting model AttentionLSTM
2022-06-16 05:44:12,427 - INFO - detection.models.base_model - predicting using model AttentionLSTM
2022-06-16 05:44:13,365 - INFO - detection.models.base_model - predicting proba using model AttentionLSTM
2022-06-16 05:44:14,097 - INFO - post_level_multiple_experiments - Running experiment using the model: attenion_lstm
2022-06-16 05:44:14,103 - INFO - detection.detection_utils.preprocessing - Preprocessing text in mode: split
2022-06-16 05:44:15,193 - INFO - detection.models.base_model - fitting model AttentionLSTM
2022-06-16 05:51:42,183 - INFO - detection.models.base_model - predicting using model AttentionLSTM
2022-06-16 05:51:48,303 - INFO - detection.models.base_model - predicting proba using model AttentionLSTM
2022-06-16 05:51:50,961 - INFO - utils.my_timeit - finished __main__.run_multiple_plm_experiments total 1957.47 sec elapsed
2022-06-16 14:40:10,589 - INFO - post_level_multiple_experiments - Running experiment (all models) on echo_3 dataset...
2022-06-16 14:40:10,627 - INFO - post_level_multiple_experiments - Running experiment using the model: lr
2022-06-16 14:40:10,649 - INFO - detection.detection_utils.preprocessing - Preprocessing text in mode: split
2022-06-16 15:20:15,026 - INFO - post_level_multiple_experiments - Running experiment (all models) on echo_2 dataset...
2022-06-16 15:20:15,057 - INFO - post_level_multiple_experiments - Running experiment using the model: bert_transfer_learning_without_finetuning
2022-06-16 15:20:15,071 - INFO - detection.detection_utils.preprocessing - Preprocessing text in mode: split
2022-06-16 15:22:37,594 - INFO - post_level_multiple_experiments - Running experiment (all models) on echo_2 dataset...
2022-06-16 15:22:37,624 - INFO - post_level_multiple_experiments - Running experiment using the model: bert_transfer_learning_without_finetuning
2022-06-16 15:22:37,634 - INFO - detection.detection_utils.preprocessing - Preprocessing text in mode: split
2022-06-16 15:23:10,365 - INFO - detection.models.bert_transfer_learning - disabling params training of layer: tf_distil_bert_model
2022-06-16 15:23:10,378 - INFO - detection.models.base_model - fitting model multiple_experiments
2022-06-16 15:36:36,403 - INFO - post_level_multiple_experiments - Running experiment (all models) on echo_2 dataset...
2022-06-16 15:36:36,439 - INFO - post_level_multiple_experiments - Running experiment using the model: bert_transfer_learning_without_finetuning
2022-06-16 15:40:15,828 - INFO - post_level_multiple_experiments - Running experiment (all models) on echo_2 dataset...
2022-06-16 15:40:15,861 - INFO - post_level_multiple_experiments - Running experiment using the model: bert_transfer_learning_without_finetuning
2022-06-16 15:40:15,871 - INFO - detection.detection_utils.preprocessing - Preprocessing text in mode: split
2022-06-16 15:40:34,655 - INFO - detection.models.bert_transfer_learning - disabling params training of layer: tf_distil_bert_model
2022-06-16 15:40:34,669 - INFO - detection.models.base_model - fitting model multiple_experiments
2022-06-16 15:45:07,151 - INFO - post_level_multiple_experiments - Running experiment (all models) on echo_2 dataset...
2022-06-16 15:45:07,185 - INFO - post_level_multiple_experiments - Running experiment using the model: bert_transfer_learning_without_finetuning
2022-06-16 15:45:07,195 - INFO - detection.detection_utils.preprocessing - Preprocessing text in mode: split
2022-06-16 15:45:25,997 - INFO - detection.models.bert_transfer_learning - disabling params training of layer: tf_distil_bert_model
2022-06-16 15:45:26,012 - INFO - detection.models.base_model - fitting model multiple_experiments
2022-06-16 15:47:25,427 - INFO - post_level_multiple_experiments - Running experiment (all models) on echo_2 dataset...
2022-06-16 15:47:25,461 - INFO - post_level_multiple_experiments - Running experiment using the model: bert_transfer_learning_without_finetuning
2022-06-16 15:47:25,472 - INFO - detection.detection_utils.preprocessing - Preprocessing text in mode: split
2022-06-16 15:47:44,248 - INFO - detection.models.bert_transfer_learning - disabling params training of layer: tf_distil_bert_model
2022-06-16 15:47:44,263 - INFO - detection.models.base_model - fitting model multiple_experiments
2022-06-16 15:58:24,145 - INFO - post_level_multiple_experiments - Running experiment (all models) on echo_2 dataset...
2022-06-16 15:58:24,176 - INFO - post_level_multiple_experiments - Running experiment using the model: bert_transfer_learning_without_finetuning
2022-06-16 15:58:24,186 - INFO - detection.detection_utils.preprocessing - Preprocessing text in mode: split
2022-06-16 15:58:42,954 - INFO - detection.models.bert_transfer_learning - disabling params training of layer: tf_distil_bert_model
2022-06-16 15:58:42,969 - INFO - detection.models.base_model - fitting model multiple_experiments
2022-06-16 16:02:24,544 - INFO - post_level_multiple_experiments - Running experiment (all models) on echo_2 dataset...
2022-06-16 16:02:24,578 - INFO - post_level_multiple_experiments - Running experiment using the model: bert_transfer_learning_without_finetuning
2022-06-16 16:02:24,588 - INFO - detection.detection_utils.preprocessing - Preprocessing text in mode: split
2022-06-16 16:02:43,326 - INFO - detection.models.bert_transfer_learning - disabling params training of layer: tf_distil_bert_model
2022-06-16 16:02:43,340 - INFO - detection.models.base_model - fitting model multiple_experiments
2022-06-16 16:11:26,215 - INFO - post_level_multiple_experiments - Running experiment (all models) on echo_2 dataset...
2022-06-16 16:11:26,245 - INFO - post_level_multiple_experiments - Running experiment using the model: bert_transfer_learning_without_finetuning
2022-06-16 16:11:26,255 - INFO - detection.detection_utils.preprocessing - Preprocessing text in mode: split
2022-06-16 16:11:50,297 - INFO - detection.models.bert_transfer_learning - disabling params training of layer: tf_distil_bert_model
2022-06-16 16:11:50,312 - INFO - detection.models.base_model - fitting model multiple_experiments
2022-06-16 16:13:55,517 - INFO - post_level_multiple_experiments - Running experiment (all models) on echo_2 dataset...
2022-06-16 16:13:55,547 - INFO - post_level_multiple_experiments - Running experiment using the model: bert_transfer_learning_without_finetuning
2022-06-16 16:13:55,557 - INFO - detection.detection_utils.preprocessing - Preprocessing text in mode: split
2022-06-16 16:14:14,312 - INFO - detection.models.bert_transfer_learning - disabling params training of layer: tf_distil_bert_model
2022-06-16 16:14:14,326 - INFO - detection.models.base_model - fitting model multiple_experiments
2022-06-16 16:24:12,432 - INFO - post_level_multiple_experiments - Running experiment (all models) on echo_2 dataset...
2022-06-16 16:24:12,462 - INFO - post_level_multiple_experiments - Running experiment using the model: bert_transfer_learning_without_finetuning
2022-06-16 16:24:12,472 - INFO - detection.detection_utils.preprocessing - Preprocessing text in mode: split
2022-06-16 16:24:31,352 - INFO - detection.models.bert_transfer_learning - disabling params training of layer: tf_distil_bert_model
2022-06-16 16:24:31,368 - INFO - detection.models.base_model - fitting model multiple_experiments
2022-06-16 16:29:02,112 - INFO - post_level_multiple_experiments - Running experiment (all models) on echo_2 dataset...
2022-06-16 16:29:02,145 - INFO - post_level_multiple_experiments - Running experiment using the model: bert_transfer_learning_without_finetuning
2022-06-16 16:29:02,155 - INFO - detection.detection_utils.preprocessing - Preprocessing text in mode: split
2022-06-16 16:30:30,581 - INFO - post_level_multiple_experiments - Running experiment (all models) on echo_2 dataset...
2022-06-16 16:30:30,612 - INFO - post_level_multiple_experiments - Running experiment using the model: bert_transfer_learning_without_finetuning
2022-06-16 16:30:30,622 - INFO - detection.detection_utils.preprocessing - Preprocessing text in mode: split
2022-06-16 16:40:19,567 - INFO - post_level_multiple_experiments - Running experiment (all models) on echo_2 dataset...
2022-06-16 16:40:19,602 - INFO - post_level_multiple_experiments - Running experiment using the model: bert_transfer_learning_without_finetuning
2022-06-16 16:40:19,612 - INFO - detection.detection_utils.preprocessing - Preprocessing text in mode: split
2022-06-16 16:42:09,347 - INFO - post_level_multiple_experiments - Running experiment (all models) on echo_2 dataset...
2022-06-16 16:42:09,376 - INFO - post_level_multiple_experiments - Running experiment using the model: bert_transfer_learning_without_finetuning
2022-06-16 16:42:09,387 - INFO - detection.detection_utils.preprocessing - Preprocessing text in mode: split
2022-06-16 16:43:52,963 - INFO - post_level_multiple_experiments - Running experiment (all models) on echo_2 dataset...
2022-06-16 16:43:52,998 - INFO - post_level_multiple_experiments - Running experiment using the model: bert_transfer_learning_without_finetuning
2022-06-16 16:43:53,009 - INFO - detection.detection_utils.preprocessing - Preprocessing text in mode: split
2022-06-16 23:37:44,395 - INFO - post_level_multiple_experiments - Running experiment (all models) on echo_2 dataset...
2022-06-16 23:37:44,425 - INFO - post_level_multiple_experiments - Running experiment using the model: lr
2022-06-16 23:37:44,436 - INFO - detection.detection_utils.preprocessing - Preprocessing text in mode: split
2022-06-16 23:39:23,132 - INFO - post_level_multiple_experiments - Running experiment using the model: lightgbm
2022-06-16 23:39:23,142 - INFO - detection.detection_utils.preprocessing - Preprocessing text in mode: split
2022-06-16 23:39:24,530 - INFO - post_level_multiple_experiments - Running experiment using the model: catboost
2022-06-16 23:39:24,531 - INFO - detection.detection_utils.preprocessing - Preprocessing text in mode: split
2022-06-16 23:51:55,369 - INFO - post_level_multiple_experiments - Running experiment using the model: xgboost
2022-06-16 23:51:55,379 - INFO - detection.detection_utils.preprocessing - Preprocessing text in mode: split
2022-06-16 23:53:46,590 - INFO - post_level_multiple_experiments - Running experiment using the model: feed_forward_nn
2022-06-16 23:53:46,601 - INFO - detection.detection_utils.preprocessing - Preprocessing text in mode: split
2022-06-16 23:53:46,820 - INFO - detection.models.base_model - fitting model FeedForwardNN
2022-06-16 23:55:10,182 - INFO - detection.models.base_model - predicting using model FeedForwardNN
2022-06-16 23:55:10,438 - INFO - detection.models.base_model - predicting proba using model FeedForwardNN
2022-06-16 23:55:10,674 - INFO - post_level_multiple_experiments - Running experiment using the model: cnn_lstm
2022-06-16 23:55:10,680 - INFO - detection.detection_utils.preprocessing - Preprocessing text in mode: split
2022-06-16 23:55:11,032 - INFO - detection.models.base_model - fitting model AttentionLSTM
2022-06-16 23:56:34,742 - INFO - detection.models.base_model - predicting using model AttentionLSTM
2022-06-16 23:56:35,673 - INFO - detection.models.base_model - predicting proba using model AttentionLSTM
2022-06-16 23:56:36,391 - INFO - post_level_multiple_experiments - Running experiment using the model: attenion_lstm
2022-06-16 23:56:36,396 - INFO - detection.detection_utils.preprocessing - Preprocessing text in mode: split
2022-06-16 23:56:37,582 - INFO - detection.models.base_model - fitting model AttentionLSTM
2022-06-17 00:02:03,856 - INFO - detection.models.base_model - predicting using model AttentionLSTM
2022-06-17 00:02:09,965 - INFO - detection.models.base_model - predicting proba using model AttentionLSTM
2022-06-17 00:02:15,169 - INFO - utils.my_timeit - finished __main__.run_multiple_plm_experiments total 1470.78 sec elapsed
2022-06-17 00:04:39,512 - INFO - post_level_multiple_experiments - Running experiment (all models) on echo_2_kg dataset...
2022-06-17 00:04:39,566 - INFO - post_level_multiple_experiments - Running experiment using the model: lr
2022-06-17 00:04:39,579 - INFO - detection.detection_utils.preprocessing - Preprocessing text in mode: split
2022-06-17 00:07:13,288 - INFO - post_level_multiple_experiments - Running experiment using the model: lightgbm
2022-06-17 00:07:13,299 - INFO - detection.detection_utils.preprocessing - Preprocessing text in mode: split
2022-06-17 00:07:16,103 - INFO - post_level_multiple_experiments - Running experiment using the model: catboost
2022-06-17 00:07:16,104 - INFO - detection.detection_utils.preprocessing - Preprocessing text in mode: split
2022-06-17 00:22:33,698 - INFO - post_level_multiple_experiments - Running experiment using the model: xgboost
2022-06-17 00:22:33,708 - INFO - detection.detection_utils.preprocessing - Preprocessing text in mode: split
2022-06-17 00:24:57,218 - INFO - post_level_multiple_experiments - Running experiment using the model: feed_forward_nn
2022-06-17 00:24:57,243 - INFO - detection.detection_utils.preprocessing - Preprocessing text in mode: split
2022-06-17 00:24:57,848 - INFO - detection.models.base_model - fitting model FeedForwardNN
2022-06-17 00:26:21,033 - INFO - detection.models.base_model - predicting using model FeedForwardNN
2022-06-17 00:26:21,288 - INFO - detection.models.base_model - predicting proba using model FeedForwardNN
2022-06-17 00:26:21,522 - INFO - post_level_multiple_experiments - Running experiment using the model: cnn_lstm
2022-06-17 00:26:21,528 - INFO - detection.detection_utils.preprocessing - Preprocessing text in mode: split
2022-06-17 00:26:22,273 - INFO - detection.models.base_model - fitting model AttentionLSTM
2022-06-17 00:27:46,121 - INFO - detection.models.base_model - predicting using model AttentionLSTM
2022-06-17 00:27:47,045 - INFO - detection.models.base_model - predicting proba using model AttentionLSTM
2022-06-17 00:27:47,765 - INFO - post_level_multiple_experiments - Running experiment using the model: attenion_lstm
2022-06-17 00:27:47,771 - INFO - detection.detection_utils.preprocessing - Preprocessing text in mode: split
2022-06-17 00:27:49,152 - INFO - detection.models.base_model - fitting model AttentionLSTM
2022-06-17 00:33:15,338 - INFO - detection.models.base_model - predicting using model AttentionLSTM
2022-06-17 00:33:21,442 - INFO - detection.models.base_model - predicting proba using model AttentionLSTM
2022-06-17 00:33:26,645 - INFO - utils.my_timeit - finished __main__.run_multiple_plm_experiments total 1727.14 sec elapsed
2022-06-17 00:35:54,275 - INFO - post_level_multiple_experiments - Running experiment (all models) on echo_2_kg_no_edit dataset...
2022-06-17 00:35:54,312 - INFO - post_level_multiple_experiments - Running experiment using the model: lr
2022-06-17 00:35:54,323 - INFO - detection.detection_utils.preprocessing - Preprocessing text in mode: split
2022-06-17 00:38:05,111 - INFO - post_level_multiple_experiments - Running experiment using the model: lightgbm
2022-06-17 00:38:05,122 - INFO - detection.detection_utils.preprocessing - Preprocessing text in mode: split
2022-06-17 00:38:06,851 - INFO - post_level_multiple_experiments - Running experiment using the model: catboost
2022-06-17 00:38:06,852 - INFO - detection.detection_utils.preprocessing - Preprocessing text in mode: split
2022-06-17 00:53:32,733 - INFO - post_level_multiple_experiments - Running experiment using the model: xgboost
2022-06-17 00:53:32,742 - INFO - detection.detection_utils.preprocessing - Preprocessing text in mode: split
2022-06-17 00:55:41,913 - INFO - post_level_multiple_experiments - Running experiment using the model: feed_forward_nn
2022-06-17 00:55:41,928 - INFO - detection.detection_utils.preprocessing - Preprocessing text in mode: split
2022-06-17 00:55:42,231 - INFO - detection.models.base_model - fitting model FeedForwardNN
2022-06-17 00:57:05,447 - INFO - detection.models.base_model - predicting using model FeedForwardNN
2022-06-17 00:57:05,722 - INFO - detection.models.base_model - predicting proba using model FeedForwardNN
2022-06-17 00:57:05,874 - INFO - post_level_multiple_experiments - Running experiment using the model: cnn_lstm
2022-06-17 00:57:05,882 - INFO - detection.detection_utils.preprocessing - Preprocessing text in mode: split
2022-06-17 00:57:06,325 - INFO - detection.models.base_model - fitting model AttentionLSTM
2022-06-17 00:59:29,994 - INFO - detection.models.base_model - predicting using model AttentionLSTM
2022-06-17 00:59:30,929 - INFO - detection.models.base_model - predicting proba using model AttentionLSTM
2022-06-17 00:59:31,654 - INFO - post_level_multiple_experiments - Running experiment using the model: attenion_lstm
2022-06-17 00:59:31,662 - INFO - detection.detection_utils.preprocessing - Preprocessing text in mode: split
2022-06-17 00:59:32,727 - INFO - detection.models.base_model - fitting model AttentionLSTM
2022-06-17 01:05:58,964 - INFO - detection.models.base_model - predicting using model AttentionLSTM
2022-06-17 01:06:05,063 - INFO - detection.models.base_model - predicting proba using model AttentionLSTM
2022-06-17 01:06:10,280 - INFO - utils.my_timeit - finished __main__.run_multiple_plm_experiments total 1816.01 sec elapsed
2022-06-17 01:10:34,601 - INFO - post_level_multiple_experiments - Running experiment (all models) on gab dataset...
2022-06-17 01:10:34,636 - INFO - post_level_multiple_experiments - Running experiment using the model: lr
2022-06-17 01:10:34,648 - INFO - detection.detection_utils.preprocessing - Preprocessing text in mode: split
2022-06-17 01:11:55,346 - INFO - post_level_multiple_experiments - Running experiment using the model: lightgbm
2022-06-17 01:11:55,358 - INFO - detection.detection_utils.preprocessing - Preprocessing text in mode: split
2022-06-17 01:11:57,221 - INFO - post_level_multiple_experiments - Running experiment using the model: catboost
2022-06-17 01:11:57,222 - INFO - detection.detection_utils.preprocessing - Preprocessing text in mode: split
2022-06-17 01:27:03,759 - INFO - post_level_multiple_experiments - Running experiment using the model: xgboost
2022-06-17 01:27:03,769 - INFO - detection.detection_utils.preprocessing - Preprocessing text in mode: split
2022-06-17 01:29:18,026 - INFO - post_level_multiple_experiments - Running experiment using the model: feed_forward_nn
2022-06-17 01:29:18,038 - INFO - detection.detection_utils.preprocessing - Preprocessing text in mode: split
2022-06-17 01:29:18,294 - INFO - detection.models.base_model - fitting model FeedForwardNN
2022-06-17 01:30:41,596 - INFO - detection.models.base_model - predicting using model FeedForwardNN
2022-06-17 01:30:41,881 - INFO - detection.models.base_model - predicting proba using model FeedForwardNN
2022-06-17 01:30:42,124 - INFO - post_level_multiple_experiments - Running experiment using the model: cnn_lstm
2022-06-17 01:30:42,133 - INFO - detection.detection_utils.preprocessing - Preprocessing text in mode: split
2022-06-17 01:30:42,527 - INFO - detection.models.base_model - fitting model AttentionLSTM
2022-06-17 01:33:06,462 - INFO - detection.models.base_model - predicting using model AttentionLSTM
2022-06-17 01:33:07,399 - INFO - detection.models.base_model - predicting proba using model AttentionLSTM
2022-06-17 01:33:08,122 - INFO - post_level_multiple_experiments - Running experiment using the model: attenion_lstm
2022-06-17 01:33:08,131 - INFO - detection.detection_utils.preprocessing - Preprocessing text in mode: split
2022-06-17 01:33:09,376 - INFO - detection.models.base_model - fitting model AttentionLSTM
2022-06-17 01:39:36,294 - INFO - detection.models.base_model - predicting using model AttentionLSTM
2022-06-17 01:39:42,376 - INFO - detection.models.base_model - predicting proba using model AttentionLSTM
2022-06-17 01:39:47,583 - INFO - utils.my_timeit - finished __main__.run_multiple_plm_experiments total 1752.99 sec elapsed
2022-06-17 01:41:58,554 - INFO - post_level_multiple_experiments - Running experiment (all models) on gab_kg dataset...
2022-06-17 01:41:58,658 - INFO - post_level_multiple_experiments - Running experiment using the model: lr
2022-06-17 01:41:58,670 - INFO - detection.detection_utils.preprocessing - Preprocessing text in mode: split
2022-06-17 01:44:55,572 - INFO - post_level_multiple_experiments - Running experiment using the model: lightgbm
2022-06-17 01:44:55,583 - INFO - detection.detection_utils.preprocessing - Preprocessing text in mode: split
2022-06-17 01:45:00,646 - INFO - post_level_multiple_experiments - Running experiment using the model: catboost
2022-06-17 01:45:00,649 - INFO - detection.detection_utils.preprocessing - Preprocessing text in mode: split
2022-06-17 02:00:39,877 - INFO - post_level_multiple_experiments - Running experiment using the model: xgboost
2022-06-17 02:00:39,887 - INFO - detection.detection_utils.preprocessing - Preprocessing text in mode: split
2022-06-17 02:03:22,136 - INFO - post_level_multiple_experiments - Running experiment using the model: feed_forward_nn
2022-06-17 02:03:22,151 - INFO - detection.detection_utils.preprocessing - Preprocessing text in mode: split
2022-06-17 02:03:23,530 - INFO - detection.models.base_model - fitting model FeedForwardNN
2022-06-17 02:04:46,808 - INFO - detection.models.base_model - predicting using model FeedForwardNN
2022-06-17 02:04:47,089 - INFO - detection.models.base_model - predicting proba using model FeedForwardNN
2022-06-17 02:04:47,334 - INFO - post_level_multiple_experiments - Running experiment using the model: cnn_lstm
2022-06-17 02:04:47,343 - INFO - detection.detection_utils.preprocessing - Preprocessing text in mode: split
2022-06-17 02:04:48,867 - INFO - detection.models.base_model - fitting model AttentionLSTM
2022-06-17 02:07:12,742 - INFO - detection.models.base_model - predicting using model AttentionLSTM
2022-06-17 02:07:13,670 - INFO - detection.models.base_model - predicting proba using model AttentionLSTM
2022-06-17 02:07:14,396 - INFO - post_level_multiple_experiments - Running experiment using the model: attenion_lstm
2022-06-17 02:07:14,407 - INFO - detection.detection_utils.preprocessing - Preprocessing text in mode: split
2022-06-17 02:07:16,549 - INFO - detection.models.base_model - fitting model AttentionLSTM
2022-06-17 02:13:43,442 - INFO - detection.models.base_model - predicting using model AttentionLSTM
2022-06-17 02:13:49,533 - INFO - detection.models.base_model - predicting proba using model AttentionLSTM
2022-06-17 02:13:54,739 - INFO - utils.my_timeit - finished __main__.run_multiple_plm_experiments total 1916.19 sec elapsed
2022-06-17 02:18:52,853 - INFO - post_level_multiple_experiments - Running experiment (all models) on gab_kg_no_edit dataset...
2022-06-17 02:18:52,908 - INFO - post_level_multiple_experiments - Running experiment using the model: lr
2022-06-17 02:18:52,919 - INFO - detection.detection_utils.preprocessing - Preprocessing text in mode: split
2022-06-17 02:21:25,203 - INFO - post_level_multiple_experiments - Running experiment using the model: lightgbm
2022-06-17 02:21:25,215 - INFO - detection.detection_utils.preprocessing - Preprocessing text in mode: split
2022-06-17 02:21:28,296 - INFO - post_level_multiple_experiments - Running experiment using the model: catboost
2022-06-17 02:21:28,298 - INFO - detection.detection_utils.preprocessing - Preprocessing text in mode: split
2022-06-17 02:37:13,302 - INFO - post_level_multiple_experiments - Running experiment using the model: xgboost
2022-06-17 02:37:13,314 - INFO - detection.detection_utils.preprocessing - Preprocessing text in mode: split
2022-06-17 02:39:51,310 - INFO - post_level_multiple_experiments - Running experiment using the model: feed_forward_nn
2022-06-17 02:39:51,322 - INFO - detection.detection_utils.preprocessing - Preprocessing text in mode: split
2022-06-17 02:39:51,955 - INFO - detection.models.base_model - fitting model FeedForwardNN
2022-06-17 02:41:15,242 - INFO - detection.models.base_model - predicting using model FeedForwardNN
2022-06-17 02:41:15,522 - INFO - detection.models.base_model - predicting proba using model FeedForwardNN
2022-06-17 02:41:15,765 - INFO - post_level_multiple_experiments - Running experiment using the model: cnn_lstm
2022-06-17 02:41:15,772 - INFO - detection.detection_utils.preprocessing - Preprocessing text in mode: split
2022-06-17 02:41:16,538 - INFO - detection.models.base_model - fitting model AttentionLSTM
2022-06-17 02:43:40,435 - INFO - detection.models.base_model - predicting using model AttentionLSTM
2022-06-17 02:43:41,374 - INFO - detection.models.base_model - predicting proba using model AttentionLSTM
2022-06-17 02:43:42,095 - INFO - post_level_multiple_experiments - Running experiment using the model: attenion_lstm
2022-06-17 02:43:42,102 - INFO - detection.detection_utils.preprocessing - Preprocessing text in mode: split
2022-06-17 02:43:43,448 - INFO - detection.models.base_model - fitting model AttentionLSTM
2022-06-17 02:51:10,081 - INFO - detection.models.base_model - predicting using model AttentionLSTM
2022-06-17 02:51:16,318 - INFO - detection.models.base_model - predicting proba using model AttentionLSTM
2022-06-17 02:51:21,519 - INFO - utils.my_timeit - finished __main__.run_multiple_plm_experiments total 1948.67 sec elapsed
2022-06-19 02:22:49,455 - INFO - post_level_multiple_experiments - Running experiment (all models) on echo_2_kg2 dataset...
2022-06-19 02:22:49,570 - INFO - post_level_multiple_experiments - Running experiment using the model: lr
2022-06-19 02:22:49,618 - INFO - detection.detection_utils.preprocessing - Preprocessing text in mode: split
2022-06-19 02:27:04,580 - INFO - post_level_multiple_experiments - Running experiment using the model: lightgbm
2022-06-19 02:27:04,601 - INFO - detection.detection_utils.preprocessing - Preprocessing text in mode: split
2022-06-19 02:27:07,972 - INFO - post_level_multiple_experiments - Running experiment using the model: catboost
2022-06-19 02:27:07,973 - INFO - detection.detection_utils.preprocessing - Preprocessing text in mode: split
2022-06-19 02:27:38,906 - INFO - post_level_multiple_experiments - Running experiment using the model: xgboost
2022-06-19 02:27:38,913 - INFO - detection.detection_utils.preprocessing - Preprocessing text in mode: split
2022-06-19 02:30:24,070 - INFO - post_level_multiple_experiments - Running experiment using the model: feed_forward_nn
2022-06-19 02:30:24,093 - INFO - detection.detection_utils.preprocessing - Preprocessing text in mode: split
2022-06-19 02:30:25,246 - INFO - detection.models.base_model - fitting model FeedForwardNN
2022-06-19 02:33:10,920 - INFO - post_level_multiple_experiments - Running experiment (all models) on echo_2_kg2 dataset...
2022-06-19 02:33:10,992 - INFO - post_level_multiple_experiments - Running experiment using the model: lr
2022-06-19 02:33:11,010 - INFO - detection.detection_utils.preprocessing - Preprocessing text in mode: split
2022-06-19 02:36:21,430 - INFO - post_level_multiple_experiments - Running experiment using the model: lightgbm
2022-06-19 02:36:21,440 - INFO - detection.detection_utils.preprocessing - Preprocessing text in mode: split
2022-06-19 02:36:24,748 - INFO - post_level_multiple_experiments - Running experiment using the model: catboost
2022-06-19 02:36:24,749 - INFO - detection.detection_utils.preprocessing - Preprocessing text in mode: split
2022-06-19 02:51:44,133 - INFO - post_level_multiple_experiments - Running experiment using the model: xgboost
2022-06-19 02:51:44,142 - INFO - detection.detection_utils.preprocessing - Preprocessing text in mode: split
2022-06-19 02:54:33,887 - INFO - post_level_multiple_experiments - Running experiment using the model: feed_forward_nn
2022-06-19 02:54:33,901 - INFO - detection.detection_utils.preprocessing - Preprocessing text in mode: split
2022-06-19 02:54:34,592 - INFO - detection.models.base_model - fitting model FeedForwardNN
2022-06-19 02:55:57,906 - INFO - detection.models.base_model - predicting using model FeedForwardNN
2022-06-19 02:55:58,090 - INFO - detection.models.base_model - predicting proba using model FeedForwardNN
2022-06-19 02:55:58,255 - INFO - post_level_multiple_experiments - Running experiment using the model: cnn_lstm
2022-06-19 02:55:58,261 - INFO - detection.detection_utils.preprocessing - Preprocessing text in mode: split
2022-06-19 02:55:59,098 - INFO - detection.models.base_model - fitting model AttentionLSTM
2022-06-19 02:58:23,062 - INFO - detection.models.base_model - predicting using model AttentionLSTM
2022-06-19 02:58:24,001 - INFO - detection.models.base_model - predicting proba using model AttentionLSTM
2022-06-19 02:58:24,728 - INFO - post_level_multiple_experiments - Running experiment using the model: attenion_lstm
2022-06-19 02:58:24,735 - INFO - detection.detection_utils.preprocessing - Preprocessing text in mode: split
2022-06-19 02:58:26,227 - INFO - detection.models.base_model - fitting model AttentionLSTM
2022-06-19 03:05:53,334 - INFO - detection.models.base_model - predicting using model AttentionLSTM
2022-06-19 03:05:59,658 - INFO - detection.models.base_model - predicting proba using model AttentionLSTM
2022-06-19 03:06:04,878 - INFO - utils.my_timeit - finished __main__.run_multiple_plm_experiments total 1973.96 sec elapsed
2022-06-19 03:08:06,639 - INFO - post_level_multiple_experiments - Running experiment (all models) on echo_2_kg2_no_edit dataset...
2022-06-19 03:08:06,691 - INFO - post_level_multiple_experiments - Running experiment using the model: lr
2022-06-19 03:08:06,713 - INFO - detection.detection_utils.preprocessing - Preprocessing text in mode: split
2022-06-19 03:10:57,776 - INFO - post_level_multiple_experiments - Running experiment using the model: lightgbm
2022-06-19 03:10:57,788 - INFO - detection.detection_utils.preprocessing - Preprocessing text in mode: split
2022-06-19 03:10:59,671 - INFO - post_level_multiple_experiments - Running experiment using the model: catboost
2022-06-19 03:10:59,673 - INFO - detection.detection_utils.preprocessing - Preprocessing text in mode: split
2022-06-19 03:26:35,270 - INFO - post_level_multiple_experiments - Running experiment using the model: xgboost
2022-06-19 03:26:35,281 - INFO - detection.detection_utils.preprocessing - Preprocessing text in mode: split
2022-06-19 03:29:15,194 - INFO - post_level_multiple_experiments - Running experiment using the model: feed_forward_nn
2022-06-19 03:29:15,209 - INFO - detection.detection_utils.preprocessing - Preprocessing text in mode: split
2022-06-19 03:29:15,535 - INFO - detection.models.base_model - fitting model FeedForwardNN
2022-06-19 03:30:38,865 - INFO - detection.models.base_model - predicting using model FeedForwardNN
2022-06-19 03:30:39,053 - INFO - detection.models.base_model - predicting proba using model FeedForwardNN
2022-06-19 03:30:39,217 - INFO - post_level_multiple_experiments - Running experiment using the model: cnn_lstm
2022-06-19 03:30:39,225 - INFO - detection.detection_utils.preprocessing - Preprocessing text in mode: split
2022-06-19 03:30:39,695 - INFO - detection.models.base_model - fitting model AttentionLSTM
2022-06-19 03:33:03,967 - INFO - detection.models.base_model - predicting using model AttentionLSTM
2022-06-19 03:33:04,924 - INFO - detection.models.base_model - predicting proba using model AttentionLSTM
2022-06-19 03:33:05,652 - INFO - post_level_multiple_experiments - Running experiment using the model: attenion_lstm
2022-06-19 03:33:05,659 - INFO - detection.detection_utils.preprocessing - Preprocessing text in mode: split
2022-06-19 03:33:06,793 - INFO - detection.models.base_model - fitting model AttentionLSTM
2022-06-19 03:39:33,986 - INFO - detection.models.base_model - predicting using model AttentionLSTM
2022-06-19 03:39:40,167 - INFO - detection.models.base_model - predicting proba using model AttentionLSTM
2022-06-19 03:39:45,380 - INFO - utils.my_timeit - finished __main__.run_multiple_plm_experiments total 1898.75 sec elapsed
2022-06-19 03:42:17,337 - INFO - post_level_multiple_experiments - Running experiment (all models) on echo_2_kg2_no_edit dataset...
2022-06-19 03:42:17,379 - INFO - post_level_multiple_experiments - Running experiment using the model: lr
2022-06-19 03:42:17,389 - INFO - detection.detection_utils.preprocessing - Preprocessing text in mode: split
2022-06-19 03:44:47,161 - INFO - post_level_multiple_experiments - Running experiment using the model: lightgbm
2022-06-19 03:44:47,173 - INFO - detection.detection_utils.preprocessing - Preprocessing text in mode: split
2022-06-19 03:44:48,939 - INFO - post_level_multiple_experiments - Running experiment using the model: catboost
2022-06-19 03:44:48,941 - INFO - detection.detection_utils.preprocessing - Preprocessing text in mode: split
2022-06-19 04:00:48,996 - INFO - post_level_multiple_experiments - Running experiment using the model: xgboost
2022-06-19 04:00:49,006 - INFO - detection.detection_utils.preprocessing - Preprocessing text in mode: split
2022-06-19 04:02:58,444 - INFO - post_level_multiple_experiments - Running experiment using the model: feed_forward_nn
2022-06-19 04:02:58,459 - INFO - detection.detection_utils.preprocessing - Preprocessing text in mode: split
2022-06-19 04:02:58,774 - INFO - detection.models.base_model - fitting model FeedForwardNN
2022-06-19 04:04:22,053 - INFO - detection.models.base_model - predicting using model FeedForwardNN
2022-06-19 04:04:22,333 - INFO - detection.models.base_model - predicting proba using model FeedForwardNN
2022-06-19 04:04:22,581 - INFO - post_level_multiple_experiments - Running experiment using the model: cnn_lstm
2022-06-19 04:04:22,589 - INFO - detection.detection_utils.preprocessing - Preprocessing text in mode: split
2022-06-19 04:04:23,058 - INFO - detection.models.base_model - fitting model AttentionLSTM
2022-06-19 04:06:46,848 - INFO - detection.models.base_model - predicting using model AttentionLSTM
2022-06-19 04:06:47,802 - INFO - detection.models.base_model - predicting proba using model AttentionLSTM
2022-06-19 04:06:48,529 - INFO - post_level_multiple_experiments - Running experiment using the model: attenion_lstm
2022-06-19 04:06:48,538 - INFO - detection.detection_utils.preprocessing - Preprocessing text in mode: split
2022-06-19 04:06:49,878 - INFO - detection.models.base_model - fitting model AttentionLSTM
2022-06-19 04:12:16,410 - INFO - detection.models.base_model - predicting using model AttentionLSTM
2022-06-19 04:12:22,580 - INFO - detection.models.base_model - predicting proba using model AttentionLSTM
2022-06-19 04:12:27,803 - INFO - utils.my_timeit - finished __main__.run_multiple_plm_experiments total 1810.48 sec elapsed
2022-06-19 04:13:48,773 - INFO - post_level_multiple_experiments - Running experiment (all models) on echo_2_kg2 dataset...
2022-06-19 04:13:48,837 - INFO - post_level_multiple_experiments - Running experiment using the model: lr
2022-06-19 04:13:48,849 - INFO - detection.detection_utils.preprocessing - Preprocessing text in mode: split
2022-06-19 04:16:20,676 - INFO - post_level_multiple_experiments - Running experiment using the model: lightgbm
2022-06-19 04:16:20,688 - INFO - detection.detection_utils.preprocessing - Preprocessing text in mode: split
2022-06-19 04:16:23,700 - INFO - post_level_multiple_experiments - Running experiment using the model: catboost
2022-06-19 04:16:23,702 - INFO - detection.detection_utils.preprocessing - Preprocessing text in mode: split
2022-06-19 04:31:52,383 - INFO - post_level_multiple_experiments - Running experiment using the model: xgboost
2022-06-19 04:31:52,392 - INFO - detection.detection_utils.preprocessing - Preprocessing text in mode: split
2022-06-19 04:34:09,826 - INFO - post_level_multiple_experiments - Running experiment using the model: feed_forward_nn
2022-06-19 04:34:09,840 - INFO - detection.detection_utils.preprocessing - Preprocessing text in mode: split
2022-06-19 04:34:10,522 - INFO - detection.models.base_model - fitting model FeedForwardNN
2022-06-19 04:35:33,812 - INFO - detection.models.base_model - predicting using model FeedForwardNN
2022-06-19 04:35:34,091 - INFO - detection.models.base_model - predicting proba using model FeedForwardNN
2022-06-19 04:35:34,338 - INFO - post_level_multiple_experiments - Running experiment using the model: cnn_lstm
2022-06-19 04:35:34,345 - INFO - detection.detection_utils.preprocessing - Preprocessing text in mode: split
2022-06-19 04:35:35,180 - INFO - detection.models.base_model - fitting model AttentionLSTM
2022-06-19 04:37:58,954 - INFO - detection.models.base_model - predicting using model AttentionLSTM
2022-06-19 04:38:00,109 - INFO - detection.models.base_model - predicting proba using model AttentionLSTM
2022-06-19 04:38:00,834 - INFO - post_level_multiple_experiments - Running experiment using the model: attenion_lstm
2022-06-19 04:38:00,842 - INFO - detection.detection_utils.preprocessing - Preprocessing text in mode: split
2022-06-19 04:38:02,325 - INFO - detection.models.base_model - fitting model AttentionLSTM
2022-06-19 04:45:28,551 - INFO - detection.models.base_model - predicting using model AttentionLSTM
2022-06-19 04:45:34,725 - INFO - detection.models.base_model - predicting proba using model AttentionLSTM
2022-06-19 04:45:39,953 - INFO - utils.my_timeit - finished __main__.run_multiple_plm_experiments total 1911.19 sec elapsed
2022-06-19 05:07:16,269 - INFO - post_level_multiple_experiments - Running experiment (all models) on echo_2_kg_no_edit dataset...
2022-06-19 05:07:16,310 - INFO - post_level_multiple_experiments - Running experiment using the model: lr
2022-06-19 05:07:16,322 - INFO - detection.detection_utils.preprocessing - Preprocessing text in mode: split
2022-06-19 05:20:22,719 - INFO - post_level_multiple_experiments - Running experiment (all models) on echo_2_kg_no_edit dataset...
2022-06-19 05:20:22,759 - INFO - post_level_multiple_experiments - Running experiment using the model: lr
2022-06-19 05:20:22,769 - INFO - detection.detection_utils.preprocessing - Preprocessing text in mode: split
2022-06-19 05:24:28,516 - INFO - post_level_multiple_experiments - Running experiment (all models) on echo_2_kg_no_edit dataset...
2022-06-19 05:24:28,555 - INFO - post_level_multiple_experiments - Running experiment using the model: lr
2022-06-19 05:24:28,565 - INFO - detection.detection_utils.preprocessing - Preprocessing text in mode: split
2022-06-19 05:28:33,838 - INFO - post_level_multiple_experiments - Running experiment (all models) on echo_2_kg_no_edit dataset...
2022-06-19 05:28:33,873 - INFO - post_level_multiple_experiments - Running experiment using the model: lr
2022-06-19 05:28:33,884 - INFO - detection.detection_utils.preprocessing - Preprocessing text in mode: split
2022-06-19 05:32:51,520 - INFO - post_level_multiple_experiments - Running experiment (all models) on echo_2_kg_no_edit dataset...
2022-06-19 05:32:51,558 - INFO - post_level_multiple_experiments - Running experiment using the model: lr
2022-06-19 05:32:51,568 - INFO - detection.detection_utils.preprocessing - Preprocessing text in mode: split
2022-06-19 05:34:58,687 - INFO - post_level_multiple_experiments - Running experiment using the model: lightgbm
2022-06-19 05:34:58,699 - INFO - detection.detection_utils.preprocessing - Preprocessing text in mode: split
2022-06-19 05:35:00,433 - INFO - post_level_multiple_experiments - Running experiment using the model: catboost
2022-06-19 05:35:00,434 - INFO - detection.detection_utils.preprocessing - Preprocessing text in mode: split
2022-06-19 05:50:34,422 - INFO - post_level_multiple_experiments - Running experiment using the model: xgboost
2022-06-19 05:50:34,432 - INFO - detection.detection_utils.preprocessing - Preprocessing text in mode: split
2022-06-19 05:52:42,942 - INFO - post_level_multiple_experiments - Running experiment using the model: feed_forward_nn
2022-06-19 05:52:42,955 - INFO - detection.detection_utils.preprocessing - Preprocessing text in mode: split
2022-06-19 05:52:43,261 - INFO - detection.models.base_model - fitting model FeedForwardNN
2022-06-19 05:54:06,511 - INFO - detection.models.base_model - predicting using model FeedForwardNN
2022-06-19 05:54:06,794 - INFO - detection.models.base_model - predicting proba using model FeedForwardNN
2022-06-19 05:54:07,092 - INFO - post_level_multiple_experiments - Running experiment using the model: cnn_lstm
2022-06-19 05:54:07,102 - INFO - detection.detection_utils.preprocessing - Preprocessing text in mode: split
2022-06-19 05:54:07,567 - INFO - detection.models.base_model - fitting model AttentionLSTM
2022-06-19 05:55:31,399 - INFO - detection.models.base_model - predicting using model AttentionLSTM
2022-06-19 05:55:32,357 - INFO - detection.models.base_model - predicting proba using model AttentionLSTM
2022-06-19 05:55:33,138 - INFO - post_level_multiple_experiments - Running experiment using the model: attenion_lstm
2022-06-19 05:55:33,147 - INFO - detection.detection_utils.preprocessing - Preprocessing text in mode: split
2022-06-19 05:55:34,273 - INFO - detection.models.base_model - fitting model AttentionLSTM
2022-06-19 06:01:00,778 - INFO - detection.models.base_model - predicting using model AttentionLSTM
2022-06-19 06:01:06,958 - INFO - detection.models.base_model - predicting proba using model AttentionLSTM
2022-06-19 06:01:12,249 - INFO - utils.my_timeit - finished __main__.run_multiple_plm_experiments total 1700.74 sec elapsed
2022-06-19 15:45:35,098 - INFO - post_level_multiple_experiments - Running experiment (all models) on echo_2 dataset...
2022-06-19 15:45:35,148 - INFO - post_level_multiple_experiments - Running experiment using the model: lr
2022-06-19 15:45:35,165 - INFO - detection.detection_utils.preprocessing - Preprocessing text in mode: split
2022-06-19 15:47:23,433 - INFO - post_level_multiple_experiments - Running experiment using the model: lightgbm
2022-06-19 15:47:23,442 - INFO - detection.detection_utils.preprocessing - Preprocessing text in mode: split
2022-06-19 15:47:24,819 - INFO - post_level_multiple_experiments - Running experiment using the model: catboost
2022-06-19 15:47:24,820 - INFO - detection.detection_utils.preprocessing - Preprocessing text in mode: split
2022-06-19 16:00:04,219 - INFO - post_level_multiple_experiments - Running experiment using the model: xgboost
2022-06-19 16:00:04,228 - INFO - detection.detection_utils.preprocessing - Preprocessing text in mode: split
2022-06-19 16:01:52,969 - INFO - post_level_multiple_experiments - Running experiment using the model: feed_forward_nn
2022-06-19 16:01:52,980 - INFO - detection.detection_utils.preprocessing - Preprocessing text in mode: split
2022-06-19 16:01:53,364 - INFO - detection.models.base_model - fitting model FeedForwardNN
2022-06-19 16:03:17,200 - INFO - detection.models.base_model - predicting using model FeedForwardNN
2022-06-19 16:03:17,456 - INFO - detection.models.base_model - predicting proba using model FeedForwardNN
2022-06-19 16:03:17,636 - INFO - post_level_multiple_experiments - Running experiment using the model: cnn_lstm
2022-06-19 16:03:17,643 - INFO - detection.detection_utils.preprocessing - Preprocessing text in mode: split
2022-06-19 16:03:18,034 - INFO - detection.models.base_model - fitting model AttentionLSTM
2022-06-19 16:04:41,826 - INFO - detection.models.base_model - predicting using model AttentionLSTM
2022-06-19 16:04:42,749 - INFO - detection.models.base_model - predicting proba using model AttentionLSTM
2022-06-19 16:04:43,493 - INFO - post_level_multiple_experiments - Running experiment using the model: attenion_lstm
2022-06-19 16:04:43,497 - INFO - detection.detection_utils.preprocessing - Preprocessing text in mode: split
2022-06-19 16:04:44,656 - INFO - detection.models.base_model - fitting model AttentionLSTM
2022-06-19 16:10:10,945 - INFO - detection.models.base_model - predicting using model AttentionLSTM
2022-06-19 16:10:17,025 - INFO - detection.models.base_model - predicting proba using model AttentionLSTM
2022-06-19 16:10:22,267 - INFO - utils.my_timeit - finished __main__.run_multiple_plm_experiments total 1487.18 sec elapsed
2022-06-23 15:13:57,921 - INFO - post_level_multiple_experiments - Running experiment (all models) on echo_2 dataset...
2022-06-23 15:13:57,950 - INFO - post_level_multiple_experiments - Running experiment using the model: lr
2022-06-23 15:13:57,968 - INFO - detection.detection_utils.preprocessing - Preprocessing text in mode: split
2022-06-23 15:16:06,967 - INFO - post_level_multiple_experiments - Running experiment using the model: feed_forward_nn
2022-06-23 15:16:06,977 - INFO - detection.detection_utils.preprocessing - Preprocessing text in mode: split
2022-06-23 15:16:07,181 - INFO - detection.models.base_model - fitting model FeedForwardNN
2022-06-23 15:17:30,428 - INFO - detection.models.base_model - predicting using model FeedForwardNN
2022-06-23 15:17:30,601 - INFO - detection.models.base_model - predicting proba using model FeedForwardNN
2022-06-23 15:17:30,776 - INFO - post_level_multiple_experiments - Running experiment using the model: attenion_lstm
2022-06-23 15:17:30,781 - INFO - detection.detection_utils.preprocessing - Preprocessing text in mode: split
2022-06-23 15:17:31,751 - INFO - detection.models.base_model - fitting model AttentionLSTM
2022-06-23 15:24:58,581 - INFO - detection.models.base_model - predicting using model AttentionLSTM
2022-06-23 15:25:02,108 - INFO - detection.models.base_model - predicting proba using model AttentionLSTM
2022-06-23 15:25:04,781 - INFO - utils.my_timeit - finished __main__.run_multiple_plm_experiments total 666.87 sec elapsed
2022-06-23 15:30:54,085 - INFO - post_level_multiple_experiments - Running experiment (all models) on echo_2 dataset...
2022-06-23 15:30:54,114 - INFO - post_level_multiple_experiments - Running experiment using the model: lr
2022-06-23 15:30:54,124 - INFO - detection.detection_utils.preprocessing - Preprocessing text in mode: split
2022-06-23 15:33:03,054 - INFO - post_level_multiple_experiments - Running experiment using the model: feed_forward_nn
2022-06-23 15:33:03,063 - INFO - detection.detection_utils.preprocessing - Preprocessing text in mode: split
2022-06-23 15:33:03,272 - INFO - detection.models.base_model - fitting model FeedForwardNN
2022-06-23 15:34:26,731 - INFO - detection.models.base_model - predicting using model FeedForwardNN
2022-06-23 15:34:26,897 - INFO - detection.models.base_model - predicting proba using model FeedForwardNN
2022-06-23 15:34:27,067 - INFO - post_level_multiple_experiments - Running experiment using the model: attenion_lstm
2022-06-23 15:34:27,071 - INFO - detection.detection_utils.preprocessing - Preprocessing text in mode: split
2022-06-23 15:34:28,038 - INFO - detection.models.base_model - fitting model AttentionLSTM
2022-06-23 15:40:54,790 - INFO - detection.models.base_model - predicting using model AttentionLSTM
2022-06-23 15:40:58,320 - INFO - detection.models.base_model - predicting proba using model AttentionLSTM
2022-06-23 15:41:00,984 - INFO - utils.my_timeit - finished __main__.run_multiple_plm_experiments total 606.91 sec elapsed
2022-06-23 15:45:48,907 - INFO - post_level_multiple_experiments - Running experiment (all models) on echo_2 dataset...
2022-06-23 15:45:48,937 - INFO - post_level_multiple_experiments - Running experiment using the model: lr
2022-06-23 15:45:48,947 - INFO - detection.detection_utils.preprocessing - Preprocessing text in mode: split
2022-06-23 15:47:56,292 - INFO - post_level_multiple_experiments - Running experiment using the model: feed_forward_nn
2022-06-23 15:47:56,302 - INFO - detection.detection_utils.preprocessing - Preprocessing text in mode: split
2022-06-23 15:47:56,510 - INFO - detection.models.base_model - fitting model FeedForwardNN
2022-06-23 15:50:19,965 - INFO - detection.models.base_model - predicting using model FeedForwardNN
2022-06-23 15:50:20,127 - INFO - detection.models.base_model - predicting proba using model FeedForwardNN
2022-06-23 15:50:20,301 - INFO - post_level_multiple_experiments - Running experiment using the model: attenion_lstm
2022-06-23 15:50:20,305 - INFO - detection.detection_utils.preprocessing - Preprocessing text in mode: split
2022-06-23 15:50:21,265 - INFO - detection.models.base_model - fitting model AttentionLSTM
2022-06-23 15:56:48,082 - INFO - detection.models.base_model - predicting using model AttentionLSTM
2022-06-23 15:56:51,606 - INFO - detection.models.base_model - predicting proba using model AttentionLSTM
2022-06-23 15:56:54,279 - INFO - utils.my_timeit - finished __main__.run_multiple_plm_experiments total 665.38 sec elapsed
2022-06-23 15:58:07,160 - INFO - post_level_multiple_experiments - Running experiment (all models) on echo_2 dataset...
2022-06-23 15:58:07,189 - INFO - post_level_multiple_experiments - Running experiment using the model: lr
2022-06-23 15:58:07,199 - INFO - detection.detection_utils.preprocessing - Preprocessing text in mode: split
2022-06-23 16:00:11,930 - INFO - post_level_multiple_experiments - Running experiment using the model: feed_forward_nn
2022-06-23 16:00:11,940 - INFO - detection.detection_utils.preprocessing - Preprocessing text in mode: split
2022-06-23 16:00:12,150 - INFO - detection.models.base_model - fitting model FeedForwardNN
2022-06-23 16:01:35,412 - INFO - detection.models.base_model - predicting using model FeedForwardNN
2022-06-23 16:01:35,587 - INFO - detection.models.base_model - predicting proba using model FeedForwardNN
2022-06-23 16:01:35,762 - INFO - post_level_multiple_experiments - Running experiment using the model: attenion_lstm
2022-06-23 16:01:35,766 - INFO - detection.detection_utils.preprocessing - Preprocessing text in mode: split
2022-06-23 16:01:36,904 - INFO - detection.models.base_model - fitting model AttentionLSTM
2022-06-23 16:08:03,766 - INFO - detection.models.base_model - predicting using model AttentionLSTM
2022-06-23 16:08:09,859 - INFO - detection.models.base_model - predicting proba using model AttentionLSTM
2022-06-23 16:08:12,536 - INFO - utils.my_timeit - finished __main__.run_multiple_plm_experiments total 605.39 sec elapsed
2022-06-23 16:10:50,620 - INFO - post_level_multiple_experiments - Running experiment (all models) on echo_2 dataset...
2022-06-23 16:10:50,649 - INFO - post_level_multiple_experiments - Running experiment using the model: lr
2022-06-23 16:10:50,654 - INFO - detection.detection_utils.preprocessing - Preprocessing text in mode: split
2022-06-23 16:12:34,002 - INFO - post_level_multiple_experiments - Running experiment using the model: feed_forward_nn
2022-06-23 16:12:34,012 - INFO - detection.detection_utils.preprocessing - Preprocessing text in mode: split
2022-06-23 16:12:34,216 - INFO - detection.models.base_model - fitting model FeedForwardNN
2022-06-23 16:13:57,649 - INFO - detection.models.base_model - predicting using model FeedForwardNN
2022-06-23 16:13:57,814 - INFO - detection.models.base_model - predicting proba using model FeedForwardNN
2022-06-23 16:13:57,989 - INFO - post_level_multiple_experiments - Running experiment using the model: attenion_lstm
2022-06-23 16:13:57,994 - INFO - detection.detection_utils.preprocessing - Preprocessing text in mode: split
2022-06-23 16:13:58,967 - INFO - detection.models.base_model - fitting model AttentionLSTM
2022-06-23 16:24:25,886 - INFO - detection.models.base_model - predicting using model AttentionLSTM
2022-06-23 16:24:31,992 - INFO - detection.models.base_model - predicting proba using model AttentionLSTM
2022-06-23 16:24:34,669 - INFO - utils.my_timeit - finished __main__.run_multiple_plm_experiments total 824.06 sec elapsed
2022-06-23 16:28:08,543 - INFO - post_level_multiple_experiments - Running experiment (all models) on echo_2_kg_no_edit dataset...
2022-06-23 16:28:08,605 - INFO - post_level_multiple_experiments - Running experiment using the model: lr
2022-06-23 16:28:08,617 - INFO - detection.detection_utils.preprocessing - Preprocessing text in mode: split
2022-06-23 16:30:37,201 - INFO - post_level_multiple_experiments - Running experiment using the model: feed_forward_nn
2022-06-23 16:30:37,210 - INFO - detection.detection_utils.preprocessing - Preprocessing text in mode: split
2022-06-23 16:30:37,511 - INFO - detection.models.base_model - fitting model FeedForwardNN
2022-06-23 16:32:00,956 - INFO - detection.models.base_model - predicting using model FeedForwardNN
2022-06-23 16:32:01,118 - INFO - detection.models.base_model - predicting proba using model FeedForwardNN
2022-06-23 16:32:01,298 - INFO - post_level_multiple_experiments - Running experiment using the model: attenion_lstm
2022-06-23 16:32:01,304 - INFO - detection.detection_utils.preprocessing - Preprocessing text in mode: split
2022-06-23 16:32:02,369 - INFO - detection.models.base_model - fitting model AttentionLSTM
2022-06-23 16:38:29,256 - INFO - detection.models.base_model - predicting using model AttentionLSTM
2022-06-23 16:38:35,379 - INFO - detection.models.base_model - predicting proba using model AttentionLSTM
2022-06-23 16:38:38,060 - INFO - utils.my_timeit - finished __main__.run_multiple_plm_experiments total 629.53 sec elapsed
2022-06-23 16:40:31,644 - INFO - post_level_multiple_experiments - Running experiment (all models) on echo_2_kg_no_edit dataset...
2022-06-23 16:40:31,677 - INFO - post_level_multiple_experiments - Running experiment using the model: lr
2022-06-23 16:40:31,687 - INFO - detection.detection_utils.preprocessing - Preprocessing text in mode: split
2022-06-23 16:43:21,808 - INFO - post_level_multiple_experiments - Running experiment using the model: feed_forward_nn
2022-06-23 16:43:21,817 - INFO - detection.detection_utils.preprocessing - Preprocessing text in mode: split
2022-06-23 16:43:22,115 - INFO - detection.models.base_model - fitting model FeedForwardNN
2022-06-23 16:44:45,356 - INFO - detection.models.base_model - predicting using model FeedForwardNN
2022-06-23 16:44:45,531 - INFO - detection.models.base_model - predicting proba using model FeedForwardNN
2022-06-23 16:44:45,705 - INFO - post_level_multiple_experiments - Running experiment using the model: attenion_lstm
2022-06-23 16:44:45,710 - INFO - detection.detection_utils.preprocessing - Preprocessing text in mode: split
2022-06-23 16:44:46,787 - INFO - detection.models.base_model - fitting model AttentionLSTM
2022-06-23 16:51:13,856 - INFO - detection.models.base_model - predicting using model AttentionLSTM
2022-06-23 16:51:17,384 - INFO - detection.models.base_model - predicting proba using model AttentionLSTM
2022-06-23 16:51:20,076 - INFO - utils.my_timeit - finished __main__.run_multiple_plm_experiments total 648.44 sec elapsed
2022-06-23 16:53:50,504 - INFO - post_level_multiple_experiments - Running experiment (all models) on echo_2_kg_no_edit dataset...
2022-06-23 16:53:50,539 - INFO - post_level_multiple_experiments - Running experiment using the model: lr
2022-06-23 16:53:50,549 - INFO - detection.detection_utils.preprocessing - Preprocessing text in mode: split
2022-06-23 16:56:29,240 - INFO - post_level_multiple_experiments - Running experiment using the model: feed_forward_nn
2022-06-23 16:56:29,250 - INFO - detection.detection_utils.preprocessing - Preprocessing text in mode: split
2022-06-23 16:56:29,548 - INFO - detection.models.base_model - fitting model FeedForwardNN
2022-06-23 16:58:53,017 - INFO - detection.models.base_model - predicting using model FeedForwardNN
2022-06-23 16:58:53,193 - INFO - detection.models.base_model - predicting proba using model FeedForwardNN
2022-06-23 16:58:53,370 - INFO - post_level_multiple_experiments - Running experiment using the model: attenion_lstm
2022-06-23 16:58:53,375 - INFO - detection.detection_utils.preprocessing - Preprocessing text in mode: split
2022-06-23 16:58:54,449 - INFO - detection.models.base_model - fitting model AttentionLSTM
2022-06-23 17:08:21,274 - INFO - detection.models.base_model - predicting using model AttentionLSTM
2022-06-23 17:08:27,379 - INFO - detection.models.base_model - predicting proba using model AttentionLSTM
2022-06-23 17:08:32,880 - INFO - utils.my_timeit - finished __main__.run_multiple_plm_experiments total 882.38 sec elapsed
2022-06-23 17:11:33,854 - INFO - post_level_multiple_experiments - Running experiment (all models) on echo_2_kg_no_edit dataset...
2022-06-23 17:11:33,889 - INFO - post_level_multiple_experiments - Running experiment using the model: lr
2022-06-23 17:11:33,894 - INFO - detection.detection_utils.preprocessing - Preprocessing text in mode: split
2022-06-23 17:14:24,142 - INFO - post_level_multiple_experiments - Running experiment using the model: feed_forward_nn
2022-06-23 17:14:24,152 - INFO - detection.detection_utils.preprocessing - Preprocessing text in mode: split
2022-06-23 17:14:24,457 - INFO - detection.models.base_model - fitting model FeedForwardNN
2022-06-23 17:15:47,893 - INFO - detection.models.base_model - predicting using model FeedForwardNN
2022-06-23 17:15:48,072 - INFO - detection.models.base_model - predicting proba using model FeedForwardNN
2022-06-23 17:15:48,252 - INFO - post_level_multiple_experiments - Running experiment using the model: attenion_lstm
2022-06-23 17:15:48,258 - INFO - detection.detection_utils.preprocessing - Preprocessing text in mode: split
2022-06-23 17:15:49,352 - INFO - detection.models.base_model - fitting model AttentionLSTM
2022-06-23 17:23:16,358 - INFO - detection.models.base_model - predicting using model AttentionLSTM
2022-06-23 17:23:22,504 - INFO - detection.models.base_model - predicting proba using model AttentionLSTM
2022-06-23 17:23:25,198 - INFO - utils.my_timeit - finished __main__.run_multiple_plm_experiments total 711.35 sec elapsed
2022-06-23 17:37:08,907 - INFO - post_level_multiple_experiments - Running experiment (all models) on echo_2_kg_no_edit dataset...
2022-06-23 17:37:08,941 - INFO - post_level_multiple_experiments - Running experiment using the model: lr
2022-06-23 17:37:08,946 - INFO - detection.detection_utils.preprocessing - Preprocessing text in mode: split
2022-06-23 17:39:47,889 - INFO - post_level_multiple_experiments - Running experiment using the model: feed_forward_nn
2022-06-23 17:39:47,901 - INFO - detection.detection_utils.preprocessing - Preprocessing text in mode: split
2022-06-23 17:39:48,198 - INFO - detection.models.base_model - fitting model FeedForwardNN
2022-06-23 17:41:11,585 - INFO - detection.models.base_model - predicting using model FeedForwardNN
2022-06-23 17:41:11,779 - INFO - detection.models.base_model - predicting proba using model FeedForwardNN
2022-06-23 17:41:11,976 - INFO - post_level_multiple_experiments - Running experiment using the model: attenion_lstm
2022-06-23 17:41:11,985 - INFO - detection.detection_utils.preprocessing - Preprocessing text in mode: split
2022-06-23 17:41:13,028 - INFO - detection.models.base_model - fitting model AttentionLSTM
2022-06-23 17:48:39,685 - INFO - detection.models.base_model - predicting using model AttentionLSTM
2022-06-23 17:48:43,174 - INFO - detection.models.base_model - predicting proba using model AttentionLSTM
2022-06-23 17:48:45,870 - INFO - utils.my_timeit - finished __main__.run_multiple_plm_experiments total 696.97 sec elapsed
